2019-02-21 22:31:43.214  INFO 6692 --- [main] com.stu.blog.BlogApplication             : Starting BlogApplication on USER-20170707ZV with PID 6692 (E:\gitProject\blog\target\classes started by Administrator in E:\gitProject\blog)
2019-02-21 22:31:43.228  INFO 6692 --- [main] com.stu.blog.BlogApplication             : No active profile set, falling back to default profiles: default
2019-02-21 22:31:44.603  INFO 6692 --- [main] o.s.b.w.embedded.tomcat.TomcatWebServer  : Tomcat initialized with port(s): 8080 (http)
2019-02-21 22:31:44.636  INFO 6692 --- [main] o.apache.catalina.core.StandardService   : Starting service [Tomcat]
2019-02-21 22:31:44.636  INFO 6692 --- [main] org.apache.catalina.core.StandardEngine  : Starting Servlet engine: [Apache Tomcat/9.0.14]
2019-02-21 22:31:44.647  INFO 6692 --- [main] o.a.catalina.core.AprLifecycleListener   : The APR based Apache Tomcat Native library which allows optimal performance in production environments was not found on the java.library.path: [C:\Program Files (x86)\Java\jdk1.8.0_121\bin;C:\Windows\Sun\Java\bin;C:\Windows\system32;C:\Windows;C:\ProgramData\Oracle\Java\javapath;C:\Windows\system32;C:\Windows;C:\Windows\System32\Wbem;C:\Windows\System32\WindowsPowerShell\v1.0\;E:\Project\apache-maven-3.5.3-bin\apache-maven-3.5.3\bin;E:\git\bin;C:\Program Files (x86)\NVIDIA Corporation\PhysX\Common;F:\instantclient10_1;SIMPLIFIED CHINESE_CHINA.ZHS16GBK;F:\instantclient10_1\instantclient10_1;E:\git\Git\cmd;C:\Program Files\TortoiseSVN\bin;C:\Program Files (x86)\Java\jdk1.8.0_121\bin;F:\scitel;.]
2019-02-21 22:31:44.818  INFO 6692 --- [main] o.a.c.c.C.[Tomcat].[localhost].[/]       : Initializing Spring embedded WebApplicationContext
2019-02-21 22:31:44.818  INFO 6692 --- [main] o.s.web.context.ContextLoader            : Root WebApplicationContext: initialization completed in 1478 ms
2019-02-21 22:31:45.179  INFO 6692 --- [main] o.s.s.concurrent.ThreadPoolTaskExecutor  : Initializing ExecutorService 'applicationTaskExecutor'
2019-02-21 22:31:45.422  INFO 6692 --- [main] o.s.b.w.embedded.tomcat.TomcatWebServer  : Tomcat started on port(s): 8080 (http) with context path ''
2019-02-21 22:31:45.427  INFO 6692 --- [main] com.stu.blog.BlogApplication             : Started BlogApplication in 3.011 seconds (JVM running for 4.743)
2019-02-21 22:33:25.121  INFO 6692 --- [http-nio-8080-exec-1] o.a.c.c.C.[Tomcat].[localhost].[/]       : Initializing Spring DispatcherServlet 'dispatcherServlet'
2019-02-21 22:33:25.121  INFO 6692 --- [http-nio-8080-exec-1] o.s.web.servlet.DispatcherServlet        : Initializing Servlet 'dispatcherServlet'
2019-02-21 22:33:25.129  INFO 6692 --- [http-nio-8080-exec-1] o.s.web.servlet.DispatcherServlet        : Completed initialization in 8 ms
2019-02-21 22:33:25.168  INFO 6692 --- [http-nio-8080-exec-1] com.stu.blog.util.WxMsgHandlerUtil       : 开始接入验证
2019-02-21 22:33:25.169  INFO 6692 --- [http-nio-8080-exec-1] com.stu.blog.controller.HelloController  : 接入成功
2019-02-21 22:33:31.754  INFO 6692 --- [http-nio-8080-exec-2] com.stu.blog.util.WxMsgHandlerUtil       : 开始处理微信消息
2019-02-21 22:33:31.787  INFO 6692 --- [http-nio-8080-exec-2] c.s.blog.service.impl.WxCoreServiceImpl  : 开始处理消息类型
2019-02-21 22:33:32.793  INFO 6692 --- [http-nio-8080-exec-2] com.stu.blog.controller.HelloController  : 返回微信消息成功！
2019-02-21 22:35:03.506  INFO 6692 --- [http-nio-8080-exec-5] com.stu.blog.util.WxMsgHandlerUtil       : 开始处理微信消息
2019-02-21 22:35:03.509  INFO 6692 --- [http-nio-8080-exec-5] c.s.blog.service.impl.WxCoreServiceImpl  : 开始处理消息类型
2019-02-21 22:35:03.727  INFO 6692 --- [http-nio-8080-exec-5] com.stu.blog.controller.HelloController  : 微信消息处理失败！
2019-02-21 22:36:30.003  INFO 6692 --- [http-nio-8080-exec-9] com.stu.blog.util.WxMsgHandlerUtil       : 开始处理微信消息
2019-02-21 22:36:30.005  INFO 6692 --- [http-nio-8080-exec-9] c.s.blog.service.impl.WxCoreServiceImpl  : 开始处理消息类型
2019-02-21 22:36:30.217  INFO 6692 --- [http-nio-8080-exec-9] com.stu.blog.controller.HelloController  : 微信消息处理失败！
2019-02-21 22:36:50.674  INFO 6692 --- [http-nio-8080-exec-6] com.stu.blog.util.WxMsgHandlerUtil       : 开始处理微信消息
2019-02-21 22:36:50.677  INFO 6692 --- [http-nio-8080-exec-6] c.s.blog.service.impl.WxCoreServiceImpl  : 开始处理消息类型
2019-02-21 22:36:50.873  INFO 6692 --- [http-nio-8080-exec-6] com.stu.blog.controller.HelloController  : 微信消息处理失败！
2019-02-21 23:03:20.227  INFO 6736 --- [main] com.stu.blog.BlogApplication             : Starting BlogApplication on USER-20170707ZV with PID 6736 (E:\gitProject\blog\target\classes started by Administrator in E:\gitProject\blog)
2019-02-21 23:03:20.236  INFO 6736 --- [main] com.stu.blog.BlogApplication             : No active profile set, falling back to default profiles: default
2019-02-21 23:04:14.217  INFO 6964 --- [main] com.stu.blog.BlogApplication             : Starting BlogApplication on USER-20170707ZV with PID 6964 (E:\gitProject\blog\target\classes started by Administrator in E:\gitProject\blog)
2019-02-21 23:04:14.224  INFO 6964 --- [main] com.stu.blog.BlogApplication             : No active profile set, falling back to default profiles: default
2019-02-21 23:04:15.565  INFO 6964 --- [main] o.s.b.w.embedded.tomcat.TomcatWebServer  : Tomcat initialized with port(s): 8080 (http)
2019-02-21 23:04:15.590  INFO 6964 --- [main] o.apache.catalina.core.StandardService   : Starting service [Tomcat]
2019-02-21 23:04:15.591  INFO 6964 --- [main] org.apache.catalina.core.StandardEngine  : Starting Servlet engine: [Apache Tomcat/9.0.14]
2019-02-21 23:04:15.601  INFO 6964 --- [main] o.a.catalina.core.AprLifecycleListener   : The APR based Apache Tomcat Native library which allows optimal performance in production environments was not found on the java.library.path: [C:\Program Files (x86)\Java\jdk1.8.0_121\bin;C:\Windows\Sun\Java\bin;C:\Windows\system32;C:\Windows;C:\ProgramData\Oracle\Java\javapath;C:\Windows\system32;C:\Windows;C:\Windows\System32\Wbem;C:\Windows\System32\WindowsPowerShell\v1.0\;E:\Project\apache-maven-3.5.3-bin\apache-maven-3.5.3\bin;E:\git\bin;C:\Program Files (x86)\NVIDIA Corporation\PhysX\Common;F:\instantclient10_1;SIMPLIFIED CHINESE_CHINA.ZHS16GBK;F:\instantclient10_1\instantclient10_1;E:\git\Git\cmd;C:\Program Files\TortoiseSVN\bin;C:\Program Files (x86)\Java\jdk1.8.0_121\bin;F:\scitel;.]
2019-02-21 23:04:15.722  INFO 6964 --- [main] o.a.c.c.C.[Tomcat].[localhost].[/]       : Initializing Spring embedded WebApplicationContext
2019-02-21 23:04:15.723  INFO 6964 --- [main] o.s.web.context.ContextLoader            : Root WebApplicationContext: initialization completed in 1409 ms
2019-02-21 23:04:15.989  INFO 6964 --- [main] o.s.s.concurrent.ThreadPoolTaskExecutor  : Initializing ExecutorService 'applicationTaskExecutor'
2019-02-21 23:04:16.200  INFO 6964 --- [main] o.s.b.w.embedded.tomcat.TomcatWebServer  : Tomcat started on port(s): 8080 (http) with context path ''
2019-02-21 23:04:16.204  INFO 6964 --- [main] com.stu.blog.BlogApplication             : Started BlogApplication in 2.641 seconds (JVM running for 3.66)
2019-02-21 23:04:48.028  INFO 6964 --- [http-nio-8080-exec-1] o.a.c.c.C.[Tomcat].[localhost].[/]       : Initializing Spring DispatcherServlet 'dispatcherServlet'
2019-02-21 23:04:48.029  INFO 6964 --- [http-nio-8080-exec-1] o.s.web.servlet.DispatcherServlet        : Initializing Servlet 'dispatcherServlet'
2019-02-21 23:04:48.041  INFO 6964 --- [http-nio-8080-exec-1] o.s.web.servlet.DispatcherServlet        : Completed initialization in 12 ms
2019-02-21 23:04:52.032 ERROR 6964 --- [http-nio-8080-exec-3] o.a.c.c.C.[.[.[/].[dispatcherServlet]    : Servlet.service() for servlet [dispatcherServlet] in context with path [] threw exception [Circular view path [createMemu]: would dispatch back to the current handler URL [/createMemu] again. Check your ViewResolver setup! (Hint: This may be the result of an unspecified view, due to default view name generation.)] with root cause

javax.servlet.ServletException: Circular view path [createMemu]: would dispatch back to the current handler URL [/createMemu] again. Check your ViewResolver setup! (Hint: This may be the result of an unspecified view, due to default view name generation.)
	at org.springframework.web.servlet.view.InternalResourceView.prepareForRendering(InternalResourceView.java:209) ~[spring-webmvc-5.1.4.RELEASE.jar:5.1.4.RELEASE]
	at org.springframework.web.servlet.view.InternalResourceView.renderMergedOutputModel(InternalResourceView.java:147) ~[spring-webmvc-5.1.4.RELEASE.jar:5.1.4.RELEASE]
	at org.springframework.web.servlet.view.AbstractView.render(AbstractView.java:316) ~[spring-webmvc-5.1.4.RELEASE.jar:5.1.4.RELEASE]
	at org.springframework.web.servlet.DispatcherServlet.render(DispatcherServlet.java:1370) ~[spring-webmvc-5.1.4.RELEASE.jar:5.1.4.RELEASE]
	at org.springframework.web.servlet.DispatcherServlet.processDispatchResult(DispatcherServlet.java:1116) ~[spring-webmvc-5.1.4.RELEASE.jar:5.1.4.RELEASE]
	at org.springframework.web.servlet.DispatcherServlet.doDispatch(DispatcherServlet.java:1055) ~[spring-webmvc-5.1.4.RELEASE.jar:5.1.4.RELEASE]
	at org.springframework.web.servlet.DispatcherServlet.doService(DispatcherServlet.java:942) ~[spring-webmvc-5.1.4.RELEASE.jar:5.1.4.RELEASE]
	at org.springframework.web.servlet.FrameworkServlet.processRequest(FrameworkServlet.java:1005) ~[spring-webmvc-5.1.4.RELEASE.jar:5.1.4.RELEASE]
	at org.springframework.web.servlet.FrameworkServlet.doGet(FrameworkServlet.java:897) ~[spring-webmvc-5.1.4.RELEASE.jar:5.1.4.RELEASE]
	at javax.servlet.http.HttpServlet.service(HttpServlet.java:634) ~[tomcat-embed-core-9.0.14.jar:9.0.14]
	at org.springframework.web.servlet.FrameworkServlet.service(FrameworkServlet.java:882) ~[spring-webmvc-5.1.4.RELEASE.jar:5.1.4.RELEASE]
	at javax.servlet.http.HttpServlet.service(HttpServlet.java:741) ~[tomcat-embed-core-9.0.14.jar:9.0.14]
	at org.apache.catalina.core.ApplicationFilterChain.internalDoFilter(ApplicationFilterChain.java:231) ~[tomcat-embed-core-9.0.14.jar:9.0.14]
	at org.apache.catalina.core.ApplicationFilterChain.doFilter(ApplicationFilterChain.java:166) ~[tomcat-embed-core-9.0.14.jar:9.0.14]
	at org.apache.tomcat.websocket.server.WsFilter.doFilter(WsFilter.java:53) ~[tomcat-embed-websocket-9.0.14.jar:9.0.14]
	at org.apache.catalina.core.ApplicationFilterChain.internalDoFilter(ApplicationFilterChain.java:193) ~[tomcat-embed-core-9.0.14.jar:9.0.14]
	at org.apache.catalina.core.ApplicationFilterChain.doFilter(ApplicationFilterChain.java:166) ~[tomcat-embed-core-9.0.14.jar:9.0.14]
	at org.springframework.web.filter.RequestContextFilter.doFilterInternal(RequestContextFilter.java:99) ~[spring-web-5.1.4.RELEASE.jar:5.1.4.RELEASE]
	at org.springframework.web.filter.OncePerRequestFilter.doFilter(OncePerRequestFilter.java:107) ~[spring-web-5.1.4.RELEASE.jar:5.1.4.RELEASE]
	at org.apache.catalina.core.ApplicationFilterChain.internalDoFilter(ApplicationFilterChain.java:193) ~[tomcat-embed-core-9.0.14.jar:9.0.14]
	at org.apache.catalina.core.ApplicationFilterChain.doFilter(ApplicationFilterChain.java:166) ~[tomcat-embed-core-9.0.14.jar:9.0.14]
	at org.springframework.web.filter.FormContentFilter.doFilterInternal(FormContentFilter.java:92) ~[spring-web-5.1.4.RELEASE.jar:5.1.4.RELEASE]
	at org.springframework.web.filter.OncePerRequestFilter.doFilter(OncePerRequestFilter.java:107) ~[spring-web-5.1.4.RELEASE.jar:5.1.4.RELEASE]
	at org.apache.catalina.core.ApplicationFilterChain.internalDoFilter(ApplicationFilterChain.java:193) ~[tomcat-embed-core-9.0.14.jar:9.0.14]
	at org.apache.catalina.core.ApplicationFilterChain.doFilter(ApplicationFilterChain.java:166) ~[tomcat-embed-core-9.0.14.jar:9.0.14]
	at org.springframework.web.filter.HiddenHttpMethodFilter.doFilterInternal(HiddenHttpMethodFilter.java:93) ~[spring-web-5.1.4.RELEASE.jar:5.1.4.RELEASE]
	at org.springframework.web.filter.OncePerRequestFilter.doFilter(OncePerRequestFilter.java:107) ~[spring-web-5.1.4.RELEASE.jar:5.1.4.RELEASE]
	at org.apache.catalina.core.ApplicationFilterChain.internalDoFilter(ApplicationFilterChain.java:193) ~[tomcat-embed-core-9.0.14.jar:9.0.14]
	at org.apache.catalina.core.ApplicationFilterChain.doFilter(ApplicationFilterChain.java:166) ~[tomcat-embed-core-9.0.14.jar:9.0.14]
	at org.springframework.web.filter.CharacterEncodingFilter.doFilterInternal(CharacterEncodingFilter.java:200) ~[spring-web-5.1.4.RELEASE.jar:5.1.4.RELEASE]
	at org.springframework.web.filter.OncePerRequestFilter.doFilter(OncePerRequestFilter.java:107) ~[spring-web-5.1.4.RELEASE.jar:5.1.4.RELEASE]
	at org.apache.catalina.core.ApplicationFilterChain.internalDoFilter(ApplicationFilterChain.java:193) ~[tomcat-embed-core-9.0.14.jar:9.0.14]
	at org.apache.catalina.core.ApplicationFilterChain.doFilter(ApplicationFilterChain.java:166) ~[tomcat-embed-core-9.0.14.jar:9.0.14]
	at org.apache.catalina.core.StandardWrapperValve.invoke(StandardWrapperValve.java:199) ~[tomcat-embed-core-9.0.14.jar:9.0.14]
	at org.apache.catalina.core.StandardContextValve.invoke(StandardContextValve.java:96) [tomcat-embed-core-9.0.14.jar:9.0.14]
	at org.apache.catalina.authenticator.AuthenticatorBase.invoke(AuthenticatorBase.java:490) [tomcat-embed-core-9.0.14.jar:9.0.14]
	at org.apache.catalina.core.StandardHostValve.invoke(StandardHostValve.java:139) [tomcat-embed-core-9.0.14.jar:9.0.14]
	at org.apache.catalina.valves.ErrorReportValve.invoke(ErrorReportValve.java:92) [tomcat-embed-core-9.0.14.jar:9.0.14]
	at org.apache.catalina.core.StandardEngineValve.invoke(StandardEngineValve.java:74) [tomcat-embed-core-9.0.14.jar:9.0.14]
	at org.apache.catalina.connector.CoyoteAdapter.service(CoyoteAdapter.java:343) [tomcat-embed-core-9.0.14.jar:9.0.14]
	at org.apache.coyote.http11.Http11Processor.service(Http11Processor.java:408) [tomcat-embed-core-9.0.14.jar:9.0.14]
	at org.apache.coyote.AbstractProcessorLight.process(AbstractProcessorLight.java:66) [tomcat-embed-core-9.0.14.jar:9.0.14]
	at org.apache.coyote.AbstractProtocol$ConnectionHandler.process(AbstractProtocol.java:834) [tomcat-embed-core-9.0.14.jar:9.0.14]
	at org.apache.tomcat.util.net.NioEndpoint$SocketProcessor.doRun(NioEndpoint.java:1417) [tomcat-embed-core-9.0.14.jar:9.0.14]
	at org.apache.tomcat.util.net.SocketProcessorBase.run(SocketProcessorBase.java:49) [tomcat-embed-core-9.0.14.jar:9.0.14]
	at java.util.concurrent.ThreadPoolExecutor.runWorker(ThreadPoolExecutor.java:1142) [na:1.8.0_121]
	at java.util.concurrent.ThreadPoolExecutor$Worker.run(ThreadPoolExecutor.java:617) [na:1.8.0_121]
	at org.apache.tomcat.util.threads.TaskThread$WrappingRunnable.run(TaskThread.java:61) [tomcat-embed-core-9.0.14.jar:9.0.14]
	at java.lang.Thread.run(Thread.java:745) [na:1.8.0_121]

2019-02-21 23:08:31.914  INFO 6964 --- [http-nio-8080-exec-5] com.stu.blog.util.WxMsgHandlerUtil       : 开始处理微信消息
2019-02-21 23:08:31.935  INFO 6964 --- [http-nio-8080-exec-5] c.s.blog.service.impl.WxCoreServiceImpl  : 开始处理消息类型
2019-02-21 23:08:32.835  INFO 6964 --- [http-nio-8080-exec-5] com.stu.blog.controller.HelloController  : 返回微信消息成功！
2019-02-21 23:09:09.746  INFO 6964 --- [http-nio-8080-exec-6] com.stu.blog.util.WxMsgHandlerUtil       : 开始处理微信消息
2019-02-21 23:09:09.750  INFO 6964 --- [http-nio-8080-exec-6] c.s.blog.service.impl.WxCoreServiceImpl  : 开始处理消息类型
2019-02-21 23:09:09.942  INFO 6964 --- [http-nio-8080-exec-6] com.stu.blog.controller.HelloController  : 微信消息处理失败！
2019-02-21 23:09:19.984  INFO 6964 --- [http-nio-8080-exec-7] com.stu.blog.util.WxMsgHandlerUtil       : 开始处理微信消息
2019-02-21 23:09:19.986  INFO 6964 --- [http-nio-8080-exec-7] c.s.blog.service.impl.WxCoreServiceImpl  : 开始处理消息类型
2019-02-21 23:09:20.170  INFO 6964 --- [http-nio-8080-exec-7] com.stu.blog.controller.HelloController  : 微信消息处理失败！
2019-02-21 23:10:34.967  INFO 7156 --- [main] com.stu.blog.BlogApplication             : Starting BlogApplication on USER-20170707ZV with PID 7156 (E:\gitProject\blog\target\classes started by Administrator in E:\gitProject\blog)
2019-02-21 23:10:34.974  INFO 7156 --- [main] com.stu.blog.BlogApplication             : No active profile set, falling back to default profiles: default
2019-02-21 23:10:36.340  INFO 7156 --- [main] o.s.b.w.embedded.tomcat.TomcatWebServer  : Tomcat initialized with port(s): 8080 (http)
2019-02-21 23:10:36.389  INFO 7156 --- [main] o.apache.catalina.core.StandardService   : Starting service [Tomcat]
2019-02-21 23:10:36.389  INFO 7156 --- [main] org.apache.catalina.core.StandardEngine  : Starting Servlet engine: [Apache Tomcat/9.0.14]
2019-02-21 23:10:36.396  INFO 7156 --- [main] o.a.catalina.core.AprLifecycleListener   : The APR based Apache Tomcat Native library which allows optimal performance in production environments was not found on the java.library.path: [C:\Program Files (x86)\Java\jdk1.8.0_121\bin;C:\Windows\Sun\Java\bin;C:\Windows\system32;C:\Windows;C:\ProgramData\Oracle\Java\javapath;C:\Windows\system32;C:\Windows;C:\Windows\System32\Wbem;C:\Windows\System32\WindowsPowerShell\v1.0\;E:\Project\apache-maven-3.5.3-bin\apache-maven-3.5.3\bin;E:\git\bin;C:\Program Files (x86)\NVIDIA Corporation\PhysX\Common;F:\instantclient10_1;SIMPLIFIED CHINESE_CHINA.ZHS16GBK;F:\instantclient10_1\instantclient10_1;E:\git\Git\cmd;C:\Program Files\TortoiseSVN\bin;C:\Program Files (x86)\Java\jdk1.8.0_121\bin;F:\scitel;.]
2019-02-21 23:10:36.519  INFO 7156 --- [main] o.a.c.c.C.[Tomcat].[localhost].[/]       : Initializing Spring embedded WebApplicationContext
2019-02-21 23:10:36.519  INFO 7156 --- [main] o.s.web.context.ContextLoader            : Root WebApplicationContext: initialization completed in 1437 ms
2019-02-21 23:10:36.777  INFO 7156 --- [main] o.s.s.concurrent.ThreadPoolTaskExecutor  : Initializing ExecutorService 'applicationTaskExecutor'
2019-02-21 23:10:36.970  INFO 7156 --- [main] o.s.b.w.embedded.tomcat.TomcatWebServer  : Tomcat started on port(s): 8080 (http) with context path ''
2019-02-21 23:10:36.974  INFO 7156 --- [main] com.stu.blog.BlogApplication             : Started BlogApplication in 2.633 seconds (JVM running for 3.613)
2019-02-21 23:11:00.262  INFO 7156 --- [http-nio-8080-exec-1] o.a.c.c.C.[Tomcat].[localhost].[/]       : Initializing Spring DispatcherServlet 'dispatcherServlet'
2019-02-21 23:11:00.263  INFO 7156 --- [http-nio-8080-exec-1] o.s.web.servlet.DispatcherServlet        : Initializing Servlet 'dispatcherServlet'
2019-02-21 23:11:00.268  INFO 7156 --- [http-nio-8080-exec-1] o.s.web.servlet.DispatcherServlet        : Completed initialization in 5 ms
2019-02-21 23:11:00.290  INFO 7156 --- [http-nio-8080-exec-1] com.stu.blog.util.WxMsgHandlerUtil       : 开始处理微信消息
2019-02-21 23:11:00.310  INFO 7156 --- [http-nio-8080-exec-1] c.s.blog.service.impl.WxCoreServiceImpl  : 开始处理消息类型
2019-02-21 23:11:01.134  INFO 7156 --- [http-nio-8080-exec-1] com.stu.blog.controller.HelloController  : 微信消息处理失败！
2019-02-21 23:11:07.701  INFO 7156 --- [http-nio-8080-exec-2] com.stu.blog.util.WxMsgHandlerUtil       : 开始处理微信消息
2019-02-21 23:11:07.703  INFO 7156 --- [http-nio-8080-exec-2] c.s.blog.service.impl.WxCoreServiceImpl  : 开始处理消息类型
2019-02-21 23:11:07.911  INFO 7156 --- [http-nio-8080-exec-2] com.stu.blog.controller.HelloController  : 微信消息处理失败！
